Build started 3/23/2015 6:06:25 AM.
     1>Project "C:\Users\Kenny Bello\Desktop\EarthquakeStudent\visualstudio\EarthQuakeStudent\EarthQuakeStudent.vcxproj" on node 2 (Build target(s)).
     1>InitializeBuildStatus:
         Creating "x64\Debug\EarthQuakeStudent.unsuccessfulbuild" because "AlwaysCreate" was specified.
       ClCompile:
         C:\Program Files (x86)\Microsoft Visual Studio 11.0\VC\bin\x86_amd64\CL.exe /c /Zi /nologo /W3 /WX- /Od /D WIN32 /D _DEBUG /D _WINDOWS /D _UNICODE /D UNICODE /Gm /EHsc /RTC1 /MDd /GS /fp:precise /Zc:wchar_t /Zc:forScope /Fo"x64\Debug\\" /Fd"x64\Debug\vc110.pdb" /Gd /TP /errorReport:prompt ..\..\App.cpp
         App.cpp
     1>..\..\App.cpp(12): warning C4305: 'argument' : truncation from 'double' to 'float'
     1>..\..\App.cpp(30): warning C4305: 'argument' : truncation from 'double' to 'float'
     1>..\..\App.cpp(40): warning C4244: 'argument' : conversion from 'double' to 'float', possible loss of data
     1>..\..\App.cpp(57): warning C4305: 'argument' : truncation from 'double' to 'float'
     1>..\..\App.cpp(63): warning C4305: 'argument' : truncation from 'double' to 'float'
     1>..\..\App.cpp(112): warning C4244: 'argument' : conversion from 'double' to 'float', possible loss of data
     1>..\..\App.cpp(119): warning C4244: 'argument' : conversion from 'double' to 'float', possible loss of data
       Link:
         C:\Program Files (x86)\Microsoft Visual Studio 11.0\VC\bin\x86_amd64\link.exe /ERRORREPORT:PROMPT /OUT:"C:\Users\Kenny Bello\Desktop\EarthquakeStudent\visualstudio\EarthQuakeStudent\x64\Debug\EarthQuakeStudent.exe" /INCREMENTAL /NOLOGO kernel32.lib user32.lib gdi32.lib winspool.lib comdlg32.lib advapi32.lib shell32.lib ole32.lib oleaut32.lib uuid.lib odbc32.lib odbccp32.lib /MANIFEST /MANIFESTUAC:"level='asInvoker' uiAccess='false'" /manifest:embed /DEBUG /PDB:"C:\Users\Kenny Bello\Desktop\EarthquakeStudent\visualstudio\EarthQuakeStudent\x64\Debug\EarthQuakeStudent.pdb" /SUBSYSTEM:WINDOWS /TLBID:1 /DYNAMICBASE /NXCOMPAT /IMPLIB:"C:\Users\Kenny Bello\Desktop\EarthquakeStudent\visualstudio\EarthQuakeStudent\x64\Debug\EarthQuakeStudent.lib" /MACHINE:X64 x64\Debug\App.obj
         x64\Debug\Date.obj
         x64\Debug\Earth.obj
         x64\Debug\Earthquake.obj
         x64\Debug\EarthquakeDatabase.obj
         x64\Debug\main.obj
         EarthQuakeStudent.vcxproj -> C:\Users\Kenny Bello\Desktop\EarthquakeStudent\visualstudio\EarthQuakeStudent\x64\Debug\EarthQuakeStudent.exe
       FinalizeBuildStatus:
         Deleting file "x64\Debug\EarthQuakeStudent.unsuccessfulbuild".
         Touching "x64\Debug\EarthQuakeStudent.lastbuildstate".
     1>Done Building Project "C:\Users\Kenny Bello\Desktop\EarthquakeStudent\visualstudio\EarthQuakeStudent\EarthQuakeStudent.vcxproj" (Build target(s)).

Build succeeded.

Time Elapsed 00:00:06.11
